{"$message_type":"diagnostic","message":"unresolved import `nix::sys::termios`","code":{"code":"E0432","explanation":"An import was unresolved.\n\nErroneous code example:\n\n```compile_fail,E0432\nuse something::Foo; // error: unresolved import `something::Foo`.\n```\n\nIn Rust 2015, paths in `use` statements are relative to the crate root. To\nimport items relative to the current and parent modules, use the `self::` and\n`super::` prefixes, respectively.\n\nIn Rust 2018 or later, paths in `use` statements are relative to the current\nmodule unless they begin with the name of a crate or a literal `crate::`, in\nwhich case they start from the crate root. As in Rust 2015 code, the `self::`\nand `super::` prefixes refer to the current and parent modules respectively.\n\nAlso verify that you didn't misspell the import name and that the import exists\nin the module from where you tried to import it. Example:\n\n```\nuse self::something::Foo; // Ok.\n\nmod something {\n    pub struct Foo;\n}\n# fn main() {}\n```\n\nIf you tried to use a module from an external crate and are using Rust 2015,\nyou may have missed the `extern crate` declaration (which is usually placed in\nthe crate root):\n\n```edition2015\nextern crate core; // Required to use the `core` crate in Rust 2015.\n\nuse core::any;\n# fn main() {}\n```\n\nSince Rust 2018 the `extern crate` declaration is not required and\nyou can instead just `use` it:\n\n```edition2018\nuse core::any; // No extern crate required in Rust 2018.\n# fn main() {}\n```\n"},"level":"error","spans":[{"file_name":"crates/runner-common/src/terminal.rs","byte_start":7068,"byte_end":7075,"line_start":249,"line_end":249,"column_start":27,"column_end":34,"is_primary":true,"text":[{"text":"            use nix::sys::termios::LocalFlags;","highlight_start":27,"highlight_end":34}],"label":"could not find `termios` in `sys`","suggested_replacement":null,"suggestion_applicability":null,"expansion":null}],"children":[{"message":"found an item that was configured out","code":null,"level":"note","spans":[{"file_name":"/Users/nebuk89/.cargo/registry/src/index.crates.io-1949cf8c6b5b557f/nix-0.29.0/src/sys/mod.rs","byte_start":2441,"byte_end":2457,"line_start":147,"line_end":147,"column_start":8,"column_end":24,"is_primary":false,"text":[{"text":"    #![feature = \"term\"]","highlight_start":8,"highlight_end":24}],"label":"the item is gated behind the `term` feature","suggested_replacement":null,"suggestion_applicability":null,"expansion":null},{"file_name":"/Users/nebuk89/.cargo/registry/src/index.crates.io-1949cf8c6b5b557f/nix-0.29.0/src/sys/mod.rs","byte_start":2498,"byte_end":2505,"line_start":149,"line_end":149,"column_start":13,"column_end":20,"is_primary":true,"text":[{"text":"    pub mod termios;","highlight_start":13,"highlight_end":20}],"label":null,"suggested_replacement":null,"suggestion_applicability":null,"expansion":null}],"children":[],"rendered":null}],"rendered":"\u001b[1m\u001b[91merror[E0432]\u001b[0m\u001b[1m: unresolved import `nix::sys::termios`\u001b[0m\n   \u001b[1m\u001b[94m--> \u001b[0mcrates/runner-common/src/terminal.rs:249:27\n    \u001b[1m\u001b[94m|\u001b[0m\n\u001b[1m\u001b[94m249\u001b[0m \u001b[1m\u001b[94m|\u001b[0m             use nix::sys::termios::LocalFlags;\n    \u001b[1m\u001b[94m|\u001b[0m                           \u001b[1m\u001b[91m^^^^^^^\u001b[0m \u001b[1m\u001b[91mcould not find `termios` in `sys`\u001b[0m\n    \u001b[1m\u001b[94m|\u001b[0m\n\u001b[1m\u001b[92mnote\u001b[0m: found an item that was configured out\n   \u001b[1m\u001b[94m--> \u001b[0m/Users/nebuk89/.cargo/registry/src/index.crates.io-1949cf8c6b5b557f/nix-0.29.0/src/sys/mod.rs:149:13\n    \u001b[1m\u001b[94m|\u001b[0m\n\u001b[1m\u001b[94m147\u001b[0m \u001b[1m\u001b[94m|\u001b[0m     #![feature = \"term\"]\n    \u001b[1m\u001b[94m|\u001b[0m        \u001b[1m\u001b[94m----------------\u001b[0m \u001b[1m\u001b[94mthe item is gated behind the `term` feature\u001b[0m\n\u001b[1m\u001b[94m148\u001b[0m \u001b[1m\u001b[94m|\u001b[0m     #[allow(missing_docs)]\n\u001b[1m\u001b[94m149\u001b[0m \u001b[1m\u001b[94m|\u001b[0m     pub mod termios;\n    \u001b[1m\u001b[94m|\u001b[0m             \u001b[1m\u001b[92m^^^^^^^\u001b[0m\n\n"}
{"$message_type":"diagnostic","message":"failed to resolve: could not find `termios` in `sys`","code":{"code":"E0433","explanation":"An undeclared crate, module, or type was used.\n\nErroneous code example:\n\n```compile_fail,E0433\nlet map = HashMap::new();\n// error: failed to resolve: use of undeclared type `HashMap`\n```\n\nPlease verify you didn't misspell the type/module's name or that you didn't\nforget to import it:\n\n```\nuse std::collections::HashMap; // HashMap has been imported.\nlet map: HashMap<u32, u32> = HashMap::new(); // So it can be used!\n```\n\nIf you've expected to use a crate name:\n\n```compile_fail\nuse ferris_wheel::BigO;\n// error: failed to resolve: use of undeclared module or unlinked crate\n```\n\nMake sure the crate has been added as a dependency in `Cargo.toml`.\n\nTo use a module from your current crate, add the `crate::` prefix to the path.\n"},"level":"error","spans":[{"file_name":"crates/runner-common/src/terminal.rs","byte_start":7011,"byte_end":7018,"line_start":248,"line_end":248,"column_start":44,"column_end":51,"is_primary":true,"text":[{"text":"        if let Ok(mut termios) = nix::sys::termios::tcgetattr(stdin_fd) {","highlight_start":44,"highlight_end":51}],"label":"could not find `termios` in `sys`","suggested_replacement":null,"suggestion_applicability":null,"expansion":null}],"children":[{"message":"found an item that was configured out","code":null,"level":"note","spans":[{"file_name":"/Users/nebuk89/.cargo/registry/src/index.crates.io-1949cf8c6b5b557f/nix-0.29.0/src/sys/mod.rs","byte_start":2441,"byte_end":2457,"line_start":147,"line_end":147,"column_start":8,"column_end":24,"is_primary":false,"text":[{"text":"    #![feature = \"term\"]","highlight_start":8,"highlight_end":24}],"label":"the item is gated behind the `term` feature","suggested_replacement":null,"suggestion_applicability":null,"expansion":null},{"file_name":"/Users/nebuk89/.cargo/registry/src/index.crates.io-1949cf8c6b5b557f/nix-0.29.0/src/sys/mod.rs","byte_start":2498,"byte_end":2505,"line_start":149,"line_end":149,"column_start":13,"column_end":20,"is_primary":true,"text":[{"text":"    pub mod termios;","highlight_start":13,"highlight_end":20}],"label":null,"suggested_replacement":null,"suggestion_applicability":null,"expansion":null}],"children":[],"rendered":null}],"rendered":"\u001b[1m\u001b[91merror[E0433]\u001b[0m\u001b[1m: failed to resolve: could not find `termios` in `sys`\u001b[0m\n   \u001b[1m\u001b[94m--> \u001b[0mcrates/runner-common/src/terminal.rs:248:44\n    \u001b[1m\u001b[94m|\u001b[0m\n\u001b[1m\u001b[94m248\u001b[0m \u001b[1m\u001b[94m|\u001b[0m \u001b[1m\u001b[94m...\u001b[0m= nix::sys::termios::tcgetattr(stdin_fd) {\n    \u001b[1m\u001b[94m|\u001b[0m                \u001b[1m\u001b[91m^^^^^^^\u001b[0m \u001b[1m\u001b[91mcould not find `termios` in `sys`\u001b[0m\n    \u001b[1m\u001b[94m|\u001b[0m\n\u001b[1m\u001b[92mnote\u001b[0m: found an item that was configured out\n   \u001b[1m\u001b[94m--> \u001b[0m/Users/nebuk89/.cargo/registry/src/index.crates.io-1949cf8c6b5b557f/nix-0.29.0/src/sys/mod.rs:149:13\n    \u001b[1m\u001b[94m|\u001b[0m\n\u001b[1m\u001b[94m147\u001b[0m \u001b[1m\u001b[94m|\u001b[0m     #![feature = \"term\"]\n    \u001b[1m\u001b[94m|\u001b[0m        \u001b[1m\u001b[94m----------------\u001b[0m \u001b[1m\u001b[94mthe item is gated behind the `term` feature\u001b[0m\n\u001b[1m\u001b[94m148\u001b[0m \u001b[1m\u001b[94m|\u001b[0m     #[allow(missing_docs)]\n\u001b[1m\u001b[94m149\u001b[0m \u001b[1m\u001b[94m|\u001b[0m     pub mod termios;\n    \u001b[1m\u001b[94m|\u001b[0m             \u001b[1m\u001b[92m^^^^^^^\u001b[0m\n\n"}
{"$message_type":"diagnostic","message":"failed to resolve: could not find `termios` in `sys`","code":{"code":"E0433","explanation":"An undeclared crate, module, or type was used.\n\nErroneous code example:\n\n```compile_fail,E0433\nlet map = HashMap::new();\n// error: failed to resolve: use of undeclared type `HashMap`\n```\n\nPlease verify you didn't misspell the type/module's name or that you didn't\nforget to import it:\n\n```\nuse std::collections::HashMap; // HashMap has been imported.\nlet map: HashMap<u32, u32> = HashMap::new(); // So it can be used!\n```\n\nIf you've expected to use a crate name:\n\n```compile_fail\nuse ferris_wheel::BigO;\n// error: failed to resolve: use of undeclared module or unlinked crate\n```\n\nMake sure the crate has been added as a dependency in `Cargo.toml`.\n\nTo use a module from your current crate, add the `crate::` prefix to the path.\n"},"level":"error","spans":[{"file_name":"crates/runner-common/src/terminal.rs","byte_start":7219,"byte_end":7226,"line_start":252,"line_end":252,"column_start":26,"column_end":33,"is_primary":true,"text":[{"text":"            if nix::sys::termios::tcsetattr(","highlight_start":26,"highlight_end":33}],"label":"could not find `termios` in `sys`","suggested_replacement":null,"suggestion_applicability":null,"expansion":null}],"children":[{"message":"found an item that was configured out","code":null,"level":"note","spans":[{"file_name":"/Users/nebuk89/.cargo/registry/src/index.crates.io-1949cf8c6b5b557f/nix-0.29.0/src/sys/mod.rs","byte_start":2441,"byte_end":2457,"line_start":147,"line_end":147,"column_start":8,"column_end":24,"is_primary":false,"text":[{"text":"    #![feature = \"term\"]","highlight_start":8,"highlight_end":24}],"label":"the item is gated behind the `term` feature","suggested_replacement":null,"suggestion_applicability":null,"expansion":null},{"file_name":"/Users/nebuk89/.cargo/registry/src/index.crates.io-1949cf8c6b5b557f/nix-0.29.0/src/sys/mod.rs","byte_start":2498,"byte_end":2505,"line_start":149,"line_end":149,"column_start":13,"column_end":20,"is_primary":true,"text":[{"text":"    pub mod termios;","highlight_start":13,"highlight_end":20}],"label":null,"suggested_replacement":null,"suggestion_applicability":null,"expansion":null}],"children":[],"rendered":null}],"rendered":"\u001b[1m\u001b[91merror[E0433]\u001b[0m\u001b[1m: failed to resolve: could not find `termios` in `sys`\u001b[0m\n   \u001b[1m\u001b[94m--> \u001b[0mcrates/runner-common/src/terminal.rs:252:26\n    \u001b[1m\u001b[94m|\u001b[0m\n\u001b[1m\u001b[94m252\u001b[0m \u001b[1m\u001b[94m|\u001b[0m             if nix::sys::termios::tcsetattr(\n    \u001b[1m\u001b[94m|\u001b[0m                          \u001b[1m\u001b[91m^^^^^^^\u001b[0m \u001b[1m\u001b[91mcould not find `termios` in `sys`\u001b[0m\n    \u001b[1m\u001b[94m|\u001b[0m\n\u001b[1m\u001b[92mnote\u001b[0m: found an item that was configured out\n   \u001b[1m\u001b[94m--> \u001b[0m/Users/nebuk89/.cargo/registry/src/index.crates.io-1949cf8c6b5b557f/nix-0.29.0/src/sys/mod.rs:149:13\n    \u001b[1m\u001b[94m|\u001b[0m\n\u001b[1m\u001b[94m147\u001b[0m \u001b[1m\u001b[94m|\u001b[0m     #![feature = \"term\"]\n    \u001b[1m\u001b[94m|\u001b[0m        \u001b[1m\u001b[94m----------------\u001b[0m \u001b[1m\u001b[94mthe item is gated behind the `term` feature\u001b[0m\n\u001b[1m\u001b[94m148\u001b[0m \u001b[1m\u001b[94m|\u001b[0m     #[allow(missing_docs)]\n\u001b[1m\u001b[94m149\u001b[0m \u001b[1m\u001b[94m|\u001b[0m     pub mod termios;\n    \u001b[1m\u001b[94m|\u001b[0m             \u001b[1m\u001b[92m^^^^^^^\u001b[0m\n\n"}
{"$message_type":"diagnostic","message":"failed to resolve: could not find `termios` in `sys`","code":{"code":"E0433","explanation":"An undeclared crate, module, or type was used.\n\nErroneous code example:\n\n```compile_fail,E0433\nlet map = HashMap::new();\n// error: failed to resolve: use of undeclared type `HashMap`\n```\n\nPlease verify you didn't misspell the type/module's name or that you didn't\nforget to import it:\n\n```\nuse std::collections::HashMap; // HashMap has been imported.\nlet map: HashMap<u32, u32> = HashMap::new(); // So it can be used!\n```\n\nIf you've expected to use a crate name:\n\n```compile_fail\nuse ferris_wheel::BigO;\n// error: failed to resolve: use of undeclared module or unlinked crate\n```\n\nMake sure the crate has been added as a dependency in `Cargo.toml`.\n\nTo use a module from your current crate, add the `crate::` prefix to the path.\n"},"level":"error","spans":[{"file_name":"crates/runner-common/src/terminal.rs","byte_start":7291,"byte_end":7298,"line_start":254,"line_end":254,"column_start":27,"column_end":34,"is_primary":true,"text":[{"text":"                nix::sys::termios::SetArg::TCSANOW,","highlight_start":27,"highlight_end":34}],"label":"could not find `termios` in `sys`","suggested_replacement":null,"suggestion_applicability":null,"expansion":null}],"children":[{"message":"found an item that was configured out","code":null,"level":"note","spans":[{"file_name":"/Users/nebuk89/.cargo/registry/src/index.crates.io-1949cf8c6b5b557f/nix-0.29.0/src/sys/mod.rs","byte_start":2441,"byte_end":2457,"line_start":147,"line_end":147,"column_start":8,"column_end":24,"is_primary":false,"text":[{"text":"    #![feature = \"term\"]","highlight_start":8,"highlight_end":24}],"label":"the item is gated behind the `term` feature","suggested_replacement":null,"suggestion_applicability":null,"expansion":null},{"file_name":"/Users/nebuk89/.cargo/registry/src/index.crates.io-1949cf8c6b5b557f/nix-0.29.0/src/sys/mod.rs","byte_start":2498,"byte_end":2505,"line_start":149,"line_end":149,"column_start":13,"column_end":20,"is_primary":true,"text":[{"text":"    pub mod termios;","highlight_start":13,"highlight_end":20}],"label":null,"suggested_replacement":null,"suggestion_applicability":null,"expansion":null}],"children":[],"rendered":null}],"rendered":"\u001b[1m\u001b[91merror[E0433]\u001b[0m\u001b[1m: failed to resolve: could not find `termios` in `sys`\u001b[0m\n   \u001b[1m\u001b[94m--> \u001b[0mcrates/runner-common/src/terminal.rs:254:27\n    \u001b[1m\u001b[94m|\u001b[0m\n\u001b[1m\u001b[94m254\u001b[0m \u001b[1m\u001b[94m|\u001b[0m                 nix::sys::termios::SetArg::TCSANOW,\n    \u001b[1m\u001b[94m|\u001b[0m                           \u001b[1m\u001b[91m^^^^^^^\u001b[0m \u001b[1m\u001b[91mcould not find `termios` in `sys`\u001b[0m\n    \u001b[1m\u001b[94m|\u001b[0m\n\u001b[1m\u001b[92mnote\u001b[0m: found an item that was configured out\n   \u001b[1m\u001b[94m--> \u001b[0m/Users/nebuk89/.cargo/registry/src/index.crates.io-1949cf8c6b5b557f/nix-0.29.0/src/sys/mod.rs:149:13\n    \u001b[1m\u001b[94m|\u001b[0m\n\u001b[1m\u001b[94m147\u001b[0m \u001b[1m\u001b[94m|\u001b[0m     #![feature = \"term\"]\n    \u001b[1m\u001b[94m|\u001b[0m        \u001b[1m\u001b[94m----------------\u001b[0m \u001b[1m\u001b[94mthe item is gated behind the `term` feature\u001b[0m\n\u001b[1m\u001b[94m148\u001b[0m \u001b[1m\u001b[94m|\u001b[0m     #[allow(missing_docs)]\n\u001b[1m\u001b[94m149\u001b[0m \u001b[1m\u001b[94m|\u001b[0m     pub mod termios;\n    \u001b[1m\u001b[94m|\u001b[0m             \u001b[1m\u001b[92m^^^^^^^\u001b[0m\n\n"}
{"$message_type":"diagnostic","message":"failed to resolve: could not find `termios` in `sys`","code":{"code":"E0433","explanation":"An undeclared crate, module, or type was used.\n\nErroneous code example:\n\n```compile_fail,E0433\nlet map = HashMap::new();\n// error: failed to resolve: use of undeclared type `HashMap`\n```\n\nPlease verify you didn't misspell the type/module's name or that you didn't\nforget to import it:\n\n```\nuse std::collections::HashMap; // HashMap has been imported.\nlet map: HashMap<u32, u32> = HashMap::new(); // So it can be used!\n```\n\nIf you've expected to use a crate name:\n\n```compile_fail\nuse ferris_wheel::BigO;\n// error: failed to resolve: use of undeclared module or unlinked crate\n```\n\nMake sure the crate has been added as a dependency in `Cargo.toml`.\n\nTo use a module from your current crate, add the `crate::` prefix to the path.\n"},"level":"error","spans":[{"file_name":"crates/runner-common/src/terminal.rs","byte_start":7621,"byte_end":7628,"line_start":264,"line_end":264,"column_start":35,"column_end":42,"is_primary":true,"text":[{"text":"                let _ = nix::sys::termios::tcsetattr(","highlight_start":35,"highlight_end":42}],"label":"could not find `termios` in `sys`","suggested_replacement":null,"suggestion_applicability":null,"expansion":null}],"children":[{"message":"found an item that was configured out","code":null,"level":"note","spans":[{"file_name":"/Users/nebuk89/.cargo/registry/src/index.crates.io-1949cf8c6b5b557f/nix-0.29.0/src/sys/mod.rs","byte_start":2441,"byte_end":2457,"line_start":147,"line_end":147,"column_start":8,"column_end":24,"is_primary":false,"text":[{"text":"    #![feature = \"term\"]","highlight_start":8,"highlight_end":24}],"label":"the item is gated behind the `term` feature","suggested_replacement":null,"suggestion_applicability":null,"expansion":null},{"file_name":"/Users/nebuk89/.cargo/registry/src/index.crates.io-1949cf8c6b5b557f/nix-0.29.0/src/sys/mod.rs","byte_start":2498,"byte_end":2505,"line_start":149,"line_end":149,"column_start":13,"column_end":20,"is_primary":true,"text":[{"text":"    pub mod termios;","highlight_start":13,"highlight_end":20}],"label":null,"suggested_replacement":null,"suggestion_applicability":null,"expansion":null}],"children":[],"rendered":null}],"rendered":"\u001b[1m\u001b[91merror[E0433]\u001b[0m\u001b[1m: failed to resolve: could not find `termios` in `sys`\u001b[0m\n   \u001b[1m\u001b[94m--> \u001b[0mcrates/runner-common/src/terminal.rs:264:35\n    \u001b[1m\u001b[94m|\u001b[0m\n\u001b[1m\u001b[94m264\u001b[0m \u001b[1m\u001b[94m|\u001b[0m                 let _ = nix::sys::termios::tcsetattr(\n    \u001b[1m\u001b[94m|\u001b[0m                                   \u001b[1m\u001b[91m^^^^^^^\u001b[0m \u001b[1m\u001b[91mcould not find `termios` in `sys`\u001b[0m\n    \u001b[1m\u001b[94m|\u001b[0m\n\u001b[1m\u001b[92mnote\u001b[0m: found an item that was configured out\n   \u001b[1m\u001b[94m--> \u001b[0m/Users/nebuk89/.cargo/registry/src/index.crates.io-1949cf8c6b5b557f/nix-0.29.0/src/sys/mod.rs:149:13\n    \u001b[1m\u001b[94m|\u001b[0m\n\u001b[1m\u001b[94m147\u001b[0m \u001b[1m\u001b[94m|\u001b[0m     #![feature = \"term\"]\n    \u001b[1m\u001b[94m|\u001b[0m        \u001b[1m\u001b[94m----------------\u001b[0m \u001b[1m\u001b[94mthe item is gated behind the `term` feature\u001b[0m\n\u001b[1m\u001b[94m148\u001b[0m \u001b[1m\u001b[94m|\u001b[0m     #[allow(missing_docs)]\n\u001b[1m\u001b[94m149\u001b[0m \u001b[1m\u001b[94m|\u001b[0m     pub mod termios;\n    \u001b[1m\u001b[94m|\u001b[0m             \u001b[1m\u001b[92m^^^^^^^\u001b[0m\n\n"}
{"$message_type":"diagnostic","message":"failed to resolve: could not find `termios` in `sys`","code":{"code":"E0433","explanation":"An undeclared crate, module, or type was used.\n\nErroneous code example:\n\n```compile_fail,E0433\nlet map = HashMap::new();\n// error: failed to resolve: use of undeclared type `HashMap`\n```\n\nPlease verify you didn't misspell the type/module's name or that you didn't\nforget to import it:\n\n```\nuse std::collections::HashMap; // HashMap has been imported.\nlet map: HashMap<u32, u32> = HashMap::new(); // So it can be used!\n```\n\nIf you've expected to use a crate name:\n\n```compile_fail\nuse ferris_wheel::BigO;\n// error: failed to resolve: use of undeclared module or unlinked crate\n```\n\nMake sure the crate has been added as a dependency in `Cargo.toml`.\n\nTo use a module from your current crate, add the `crate::` prefix to the path.\n"},"level":"error","spans":[{"file_name":"crates/runner-common/src/terminal.rs","byte_start":7701,"byte_end":7708,"line_start":266,"line_end":266,"column_start":31,"column_end":38,"is_primary":true,"text":[{"text":"                    nix::sys::termios::SetArg::TCSANOW,","highlight_start":31,"highlight_end":38}],"label":"could not find `termios` in `sys`","suggested_replacement":null,"suggestion_applicability":null,"expansion":null}],"children":[{"message":"found an item that was configured out","code":null,"level":"note","spans":[{"file_name":"/Users/nebuk89/.cargo/registry/src/index.crates.io-1949cf8c6b5b557f/nix-0.29.0/src/sys/mod.rs","byte_start":2441,"byte_end":2457,"line_start":147,"line_end":147,"column_start":8,"column_end":24,"is_primary":false,"text":[{"text":"    #![feature = \"term\"]","highlight_start":8,"highlight_end":24}],"label":"the item is gated behind the `term` feature","suggested_replacement":null,"suggestion_applicability":null,"expansion":null},{"file_name":"/Users/nebuk89/.cargo/registry/src/index.crates.io-1949cf8c6b5b557f/nix-0.29.0/src/sys/mod.rs","byte_start":2498,"byte_end":2505,"line_start":149,"line_end":149,"column_start":13,"column_end":20,"is_primary":true,"text":[{"text":"    pub mod termios;","highlight_start":13,"highlight_end":20}],"label":null,"suggested_replacement":null,"suggestion_applicability":null,"expansion":null}],"children":[],"rendered":null}],"rendered":"\u001b[1m\u001b[91merror[E0433]\u001b[0m\u001b[1m: failed to resolve: could not find `termios` in `sys`\u001b[0m\n   \u001b[1m\u001b[94m--> \u001b[0mcrates/runner-common/src/terminal.rs:266:31\n    \u001b[1m\u001b[94m|\u001b[0m\n\u001b[1m\u001b[94m266\u001b[0m \u001b[1m\u001b[94m|\u001b[0m                     nix::sys::termios::SetArg::TCSANOW,\n    \u001b[1m\u001b[94m|\u001b[0m                               \u001b[1m\u001b[91m^^^^^^^\u001b[0m \u001b[1m\u001b[91mcould not find `termios` in `sys`\u001b[0m\n    \u001b[1m\u001b[94m|\u001b[0m\n\u001b[1m\u001b[92mnote\u001b[0m: found an item that was configured out\n   \u001b[1m\u001b[94m--> \u001b[0m/Users/nebuk89/.cargo/registry/src/index.crates.io-1949cf8c6b5b557f/nix-0.29.0/src/sys/mod.rs:149:13\n    \u001b[1m\u001b[94m|\u001b[0m\n\u001b[1m\u001b[94m147\u001b[0m \u001b[1m\u001b[94m|\u001b[0m     #![feature = \"term\"]\n    \u001b[1m\u001b[94m|\u001b[0m        \u001b[1m\u001b[94m----------------\u001b[0m \u001b[1m\u001b[94mthe item is gated behind the `term` feature\u001b[0m\n\u001b[1m\u001b[94m148\u001b[0m \u001b[1m\u001b[94m|\u001b[0m     #[allow(missing_docs)]\n\u001b[1m\u001b[94m149\u001b[0m \u001b[1m\u001b[94m|\u001b[0m     pub mod termios;\n    \u001b[1m\u001b[94m|\u001b[0m             \u001b[1m\u001b[92m^^^^^^^\u001b[0m\n\n"}
{"$message_type":"diagnostic","message":"unused import: `self`","code":{"code":"unused_imports","explanation":null},"level":"warning","spans":[{"file_name":"crates/runner-common/src/config_store.rs","byte_start":148,"byte_end":152,"line_start":4,"line_end":4,"column_start":24,"column_end":28,"is_primary":true,"text":[{"text":"use crate::constants::{self, WellKnownConfigFile, WellKnownDirectory};","highlight_start":24,"highlight_end":28}],"label":null,"suggested_replacement":null,"suggestion_applicability":null,"expansion":null}],"children":[{"message":"`#[warn(unused_imports)]` (part of `#[warn(unused)]`) on by default","code":null,"level":"note","spans":[],"children":[],"rendered":null},{"message":"remove the unused import","code":null,"level":"help","spans":[{"file_name":"crates/runner-common/src/config_store.rs","byte_start":148,"byte_end":154,"line_start":4,"line_end":4,"column_start":24,"column_end":30,"is_primary":true,"text":[{"text":"use crate::constants::{self, WellKnownConfigFile, WellKnownDirectory};","highlight_start":24,"highlight_end":30}],"label":null,"suggested_replacement":"","suggestion_applicability":"MachineApplicable","expansion":null}],"children":[],"rendered":null}],"rendered":"\u001b[1m\u001b[33mwarning\u001b[0m\u001b[1m: unused import: `self`\u001b[0m\n \u001b[1m\u001b[94m--> \u001b[0mcrates/runner-common/src/config_store.rs:4:24\n  \u001b[1m\u001b[94m|\u001b[0m\n\u001b[1m\u001b[94m4\u001b[0m \u001b[1m\u001b[94m|\u001b[0m use crate::constants::{self, WellKnownConfigFile, WellKnownDirectory};\n  \u001b[1m\u001b[94m|\u001b[0m                        \u001b[1m\u001b[33m^^^^\u001b[0m\n  \u001b[1m\u001b[94m|\u001b[0m\n  \u001b[1m\u001b[94m= \u001b[0m\u001b[1mnote\u001b[0m: `#[warn(unused_imports)]` (part of `#[warn(unused)]`) on by default\n\n"}
{"$message_type":"diagnostic","message":"unused imports: `Context` and `Result`","code":{"code":"unused_imports","explanation":null},"level":"warning","spans":[{"file_name":"crates/runner-common/src/job_notification.rs","byte_start":143,"byte_end":150,"line_start":4,"line_end":4,"column_start":14,"column_end":21,"is_primary":true,"text":[{"text":"use anyhow::{Context, Result};","highlight_start":14,"highlight_end":21}],"label":null,"suggested_replacement":null,"suggestion_applicability":null,"expansion":null},{"file_name":"crates/runner-common/src/job_notification.rs","byte_start":152,"byte_end":158,"line_start":4,"line_end":4,"column_start":23,"column_end":29,"is_primary":true,"text":[{"text":"use anyhow::{Context, Result};","highlight_start":23,"highlight_end":29}],"label":null,"suggested_replacement":null,"suggestion_applicability":null,"expansion":null}],"children":[{"message":"remove the whole `use` item","code":null,"level":"help","spans":[{"file_name":"crates/runner-common/src/job_notification.rs","byte_start":130,"byte_end":161,"line_start":4,"line_end":5,"column_start":1,"column_end":1,"is_primary":true,"text":[{"text":"use anyhow::{Context, Result};","highlight_start":1,"highlight_end":31},{"text":"use std::io::Write;","highlight_start":1,"highlight_end":1}],"label":null,"suggested_replacement":"","suggestion_applicability":"MachineApplicable","expansion":null}],"children":[],"rendered":null}],"rendered":"\u001b[1m\u001b[33mwarning\u001b[0m\u001b[1m: unused imports: `Context` and `Result`\u001b[0m\n \u001b[1m\u001b[94m--> \u001b[0mcrates/runner-common/src/job_notification.rs:4:14\n  \u001b[1m\u001b[94m|\u001b[0m\n\u001b[1m\u001b[94m4\u001b[0m \u001b[1m\u001b[94m|\u001b[0m use anyhow::{Context, Result};\n  \u001b[1m\u001b[94m|\u001b[0m              \u001b[1m\u001b[33m^^^^^^^\u001b[0m  \u001b[1m\u001b[33m^^^^^^\u001b[0m\n\n"}
{"$message_type":"diagnostic","message":"conflicting implementations of trait `From<NonRetryableException>` for type `anyhow::Error`","code":{"code":"E0119","explanation":"There are conflicting trait implementations for the same type.\n\nErroneous code example:\n\n```compile_fail,E0119\ntrait MyTrait {\n    fn get(&self) -> usize;\n}\n\nimpl<T> MyTrait for T {\n    fn get(&self) -> usize { 0 }\n}\n\nstruct Foo {\n    value: usize\n}\n\nimpl MyTrait for Foo { // error: conflicting implementations of trait\n                       //        `MyTrait` for type `Foo`\n    fn get(&self) -> usize { self.value }\n}\n```\n\nWhen looking for the implementation for the trait, the compiler finds\nboth the `impl<T> MyTrait for T` where T is all types and the `impl\nMyTrait for Foo`. Since a trait cannot be implemented multiple times,\nthis is an error. So, when you write:\n\n```\ntrait MyTrait {\n    fn get(&self) -> usize;\n}\n\nimpl<T> MyTrait for T {\n    fn get(&self) -> usize { 0 }\n}\n```\n\nThis makes the trait implemented on all types in the scope. So if you\ntry to implement it on another one after that, the implementations will\nconflict. Example:\n\n```\ntrait MyTrait {\n    fn get(&self) -> usize;\n}\n\nimpl<T> MyTrait for T {\n    fn get(&self) -> usize { 0 }\n}\n\nstruct Foo;\n\nfn main() {\n    let f = Foo;\n\n    f.get(); // the trait is implemented so we can use it\n}\n```\n"},"level":"error","spans":[{"file_name":"crates/runner-common/src/exceptions.rs","byte_start":1224,"byte_end":1274,"line_start":44,"line_end":44,"column_start":1,"column_end":51,"is_primary":true,"text":[{"text":"impl From<NonRetryableException> for anyhow::Error {","highlight_start":1,"highlight_end":51}],"label":null,"suggested_replacement":null,"suggestion_applicability":null,"expansion":null}],"children":[{"message":"conflicting implementation in crate `anyhow`:\n- impl<E> From<E> for anyhow::Error\n  where E: StdError, E: Send, E: Sync, E: 'static;","code":null,"level":"note","spans":[],"children":[],"rendered":null}],"rendered":"\u001b[1m\u001b[91merror[E0119]\u001b[0m\u001b[1m: conflicting implementations of trait `From<NonRetryableException>` for type `anyhow::Error`\u001b[0m\n  \u001b[1m\u001b[94m--> \u001b[0mcrates/runner-common/src/exceptions.rs:44:1\n   \u001b[1m\u001b[94m|\u001b[0m\n\u001b[1m\u001b[94m44\u001b[0m \u001b[1m\u001b[94m|\u001b[0m impl From<NonRetryableException> for anyhow::Error {\n   \u001b[1m\u001b[94m|\u001b[0m \u001b[1m\u001b[91m^^^^^^^^^^^^^^^^^^^^^^^^^^^^^^^^^^^^^^^^^^^^^^^^^^\u001b[0m\n   \u001b[1m\u001b[94m|\u001b[0m\n   \u001b[1m\u001b[94m= \u001b[0m\u001b[1mnote\u001b[0m: conflicting implementation in crate `anyhow`:\n           - impl<E> From<E> for anyhow::Error\n             where E: StdError, E: Send, E: Sync, E: 'static;\n\n"}
{"$message_type":"diagnostic","message":"no method named `info` found for struct `Tracing` in the current scope","code":{"code":"E0599","explanation":"This error occurs when a method is used on a type which doesn't implement it:\n\nErroneous code example:\n\n```compile_fail,E0599\nstruct Mouth;\n\nlet x = Mouth;\nx.chocolate(); // error: no method named `chocolate` found for type `Mouth`\n               //        in the current scope\n```\n\nIn this case, you need to implement the `chocolate` method to fix the error:\n\n```\nstruct Mouth;\n\nimpl Mouth {\n    fn chocolate(&self) { // We implement the `chocolate` method here.\n        println!(\"Hmmm! I love chocolate!\");\n    }\n}\n\nlet x = Mouth;\nx.chocolate(); // ok!\n```\n"},"level":"error","spans":[{"file_name":"/Users/nebuk89/Documents/GitHub/runner/rust/crates/runner-sdk/src/trace.rs","byte_start":271,"byte_end":275,"line_start":7,"line_end":7,"column_start":8,"column_end":12,"is_primary":false,"text":[{"text":"    fn info(&self, message: &str);","highlight_start":8,"highlight_end":12}],"label":"the method is available for `Tracing` here","suggested_replacement":null,"suggestion_applicability":null,"expansion":null},{"file_name":"crates/runner-common/src/tracing.rs","byte_start":1551,"byte_end":1569,"line_start":54,"line_end":54,"column_start":1,"column_end":19,"is_primary":false,"text":[{"text":"pub struct Tracing {","highlight_start":1,"highlight_end":19}],"label":"method `info` not found for this struct","suggested_replacement":null,"suggestion_applicability":null,"expansion":null},{"file_name":"crates/runner-common/src/host_context.rs","byte_start":12765,"byte_end":12769,"line_start":319,"line_end":319,"column_start":15,"column_end":19,"is_primary":true,"text":[{"text":"        trace.info(&format!(\"Runner will be shutdown for {}\", reason));","highlight_start":15,"highlight_end":19}],"label":null,"suggested_replacement":null,"suggestion_applicability":null,"expansion":null}],"children":[{"message":"items from traits can only be used if the trait is in scope","code":null,"level":"help","spans":[],"children":[],"rendered":null},{"message":"there is a method `into` with a similar name, but with different arguments","code":null,"level":"help","spans":[{"file_name":"/private/tmp/rust-20260212-8212-exsfwu/rustc-1.93.1-src/library/core/src/convert/mod.rs","byte_start":16884,"byte_end":16903,"line_start":455,"line_end":455,"column_start":5,"column_end":24,"is_primary":true,"text":[],"label":null,"suggested_replacement":null,"suggestion_applicability":null,"expansion":null}],"children":[],"rendered":null},{"message":"trait `TraceWriter` which provides `info` is implemented but not in scope; perhaps you want to import it","code":null,"level":"help","spans":[{"file_name":"crates/runner-common/src/host_context.rs","byte_start":113,"byte_end":113,"line_start":4,"line_end":4,"column_start":1,"column_end":1,"is_primary":true,"text":[{"text":"use crate::constants::{self, WellKnownConfigFile, WellKnownDirectory};","highlight_start":1,"highlight_end":1}],"label":null,"suggested_replacement":"use runner_sdk::TraceWriter;\n","suggestion_applicability":"MaybeIncorrect","expansion":null}],"children":[],"rendered":null}],"rendered":"\u001b[1m\u001b[91merror[E0599]\u001b[0m\u001b[1m: no method named `info` found for struct `Tracing` in the current scope\u001b[0m\n    \u001b[1m\u001b[94m|\u001b[0m\n   \u001b[1m\u001b[94m::: \u001b[0m/Users/nebuk89/Documents/GitHub/runner/rust/crates/runner-sdk/src/trace.rs:7:8\n    \u001b[1m\u001b[94m|\u001b[0m\n  \u001b[1m\u001b[94m7\u001b[0m \u001b[1m\u001b[94m|\u001b[0m     fn info(&self, message: &str);\n    \u001b[1m\u001b[94m|\u001b[0m        \u001b[1m\u001b[94m----\u001b[0m \u001b[1m\u001b[94mthe method is available for `Tracing` here\u001b[0m\n    \u001b[1m\u001b[94m|\u001b[0m\n   \u001b[1m\u001b[94m::: \u001b[0mcrates/runner-common/src/tracing.rs:54:1\n    \u001b[1m\u001b[94m|\u001b[0m\n \u001b[1m\u001b[94m54\u001b[0m \u001b[1m\u001b[94m|\u001b[0m pub struct Tracing {\n    \u001b[1m\u001b[94m|\u001b[0m \u001b[1m\u001b[94m------------------\u001b[0m \u001b[1m\u001b[94mmethod `info` not found for this struct\u001b[0m\n   \u001b[1m\u001b[94m--> \u001b[0mcrates/runner-common/src/host_context.rs:319:15\n    \u001b[1m\u001b[94m|\u001b[0m\n\u001b[1m\u001b[94m319\u001b[0m \u001b[1m\u001b[94m|\u001b[0m         trace.info(&format!(\"Runner will be shutdown for {}\", reason));\n    \u001b[1m\u001b[94m|\u001b[0m               \u001b[1m\u001b[91m^^^^\u001b[0m\n    \u001b[1m\u001b[94m|\u001b[0m\n    \u001b[1m\u001b[94m= \u001b[0m\u001b[1mhelp\u001b[0m: items from traits can only be used if the trait is in scope\n\u001b[1m\u001b[96mhelp\u001b[0m: there is a method `into` with a similar name, but with different arguments\n   \u001b[1m\u001b[94m--> \u001b[0m/private/tmp/rust-20260212-8212-exsfwu/rustc-1.93.1-src/library/core/src/convert/mod.rs:455:5\n\u001b[1m\u001b[96mhelp\u001b[0m: trait `TraceWriter` which provides `info` is implemented but not in scope; perhaps you want to import it\n    \u001b[1m\u001b[94m|\u001b[0m\n  \u001b[1m\u001b[94m4\u001b[0m \u001b[92m+ use runner_sdk::TraceWriter;\u001b[0m\n    \u001b[1m\u001b[94m|\u001b[0m\n\n"}
{"$message_type":"diagnostic","message":"no method named `info` found for reference `&Tracing` in the current scope","code":{"code":"E0599","explanation":"This error occurs when a method is used on a type which doesn't implement it:\n\nErroneous code example:\n\n```compile_fail,E0599\nstruct Mouth;\n\nlet x = Mouth;\nx.chocolate(); // error: no method named `chocolate` found for type `Mouth`\n               //        in the current scope\n```\n\nIn this case, you need to implement the `chocolate` method to fix the error:\n\n```\nstruct Mouth;\n\nimpl Mouth {\n    fn chocolate(&self) { // We implement the `chocolate` method here.\n        println!(\"Hmmm! I love chocolate!\");\n    }\n}\n\nlet x = Mouth;\nx.chocolate(); // ok!\n```\n"},"level":"error","spans":[{"file_name":"crates/runner-common/src/terminal.rs","byte_start":2569,"byte_end":2573,"line_start":89,"line_end":89,"column_start":19,"column_end":23,"is_primary":true,"text":[{"text":"            trace.info(\"READ LINE\");","highlight_start":19,"highlight_end":23}],"label":null,"suggested_replacement":null,"suggestion_applicability":null,"expansion":null}],"children":[{"message":"items from traits can only be used if the trait is in scope","code":null,"level":"help","spans":[],"children":[],"rendered":null},{"message":"there is a method `into` with a similar name, but with different arguments","code":null,"level":"help","spans":[{"file_name":"/private/tmp/rust-20260212-8212-exsfwu/rustc-1.93.1-src/library/core/src/convert/mod.rs","byte_start":16884,"byte_end":16903,"line_start":455,"line_end":455,"column_start":5,"column_end":24,"is_primary":true,"text":[],"label":null,"suggested_replacement":null,"suggestion_applicability":null,"expansion":null}],"children":[],"rendered":null},{"message":"trait `TraceWriter` which provides `info` is implemented but not in scope; perhaps you want to import it","code":null,"level":"help","spans":[{"file_name":"crates/runner-common/src/terminal.rs","byte_start":105,"byte_end":105,"line_start":4,"line_end":4,"column_start":1,"column_end":1,"is_primary":true,"text":[{"text":"use crate::host_context::HostContext;","highlight_start":1,"highlight_end":1}],"label":null,"suggested_replacement":"use runner_sdk::TraceWriter;\n","suggestion_applicability":"MaybeIncorrect","expansion":null}],"children":[],"rendered":null}],"rendered":"\u001b[1m\u001b[91merror[E0599]\u001b[0m\u001b[1m: no method named `info` found for reference `&Tracing` in the current scope\u001b[0m\n  \u001b[1m\u001b[94m--> \u001b[0mcrates/runner-common/src/terminal.rs:89:19\n   \u001b[1m\u001b[94m|\u001b[0m\n\u001b[1m\u001b[94m89\u001b[0m \u001b[1m\u001b[94m|\u001b[0m             trace.info(\"READ LINE\");\n   \u001b[1m\u001b[94m|\u001b[0m                   \u001b[1m\u001b[91m^^^^\u001b[0m\n   \u001b[1m\u001b[94m|\u001b[0m\n   \u001b[1m\u001b[94m= \u001b[0m\u001b[1mhelp\u001b[0m: items from traits can only be used if the trait is in scope\n\u001b[1m\u001b[96mhelp\u001b[0m: there is a method `into` with a similar name, but with different arguments\n  \u001b[1m\u001b[94m--> \u001b[0m/private/tmp/rust-20260212-8212-exsfwu/rustc-1.93.1-src/library/core/src/convert/mod.rs:455:5\n\u001b[1m\u001b[96mhelp\u001b[0m: trait `TraceWriter` which provides `info` is implemented but not in scope; perhaps you want to import it\n   \u001b[1m\u001b[94m|\u001b[0m\n \u001b[1m\u001b[94m4\u001b[0m \u001b[92m+ use runner_sdk::TraceWriter;\u001b[0m\n   \u001b[1m\u001b[94m|\u001b[0m\n\n"}
{"$message_type":"diagnostic","message":"no method named `info` found for reference `&Tracing` in the current scope","code":{"code":"E0599","explanation":"This error occurs when a method is used on a type which doesn't implement it:\n\nErroneous code example:\n\n```compile_fail,E0599\nstruct Mouth;\n\nlet x = Mouth;\nx.chocolate(); // error: no method named `chocolate` found for type `Mouth`\n               //        in the current scope\n```\n\nIn this case, you need to implement the `chocolate` method to fix the error:\n\n```\nstruct Mouth;\n\nimpl Mouth {\n    fn chocolate(&self) { // We implement the `chocolate` method here.\n        println!(\"Hmmm! I love chocolate!\");\n    }\n}\n\nlet x = Mouth;\nx.chocolate(); // ok!\n```\n"},"level":"error","spans":[{"file_name":"crates/runner-common/src/terminal.rs","byte_start":2846,"byte_end":2850,"line_start":97,"line_end":97,"column_start":19,"column_end":23,"is_primary":true,"text":[{"text":"            trace.info(&format!(\"Read value: '{}'\", value));","highlight_start":19,"highlight_end":23}],"label":null,"suggested_replacement":null,"suggestion_applicability":null,"expansion":null}],"children":[{"message":"items from traits can only be used if the trait is in scope","code":null,"level":"help","spans":[],"children":[],"rendered":null},{"message":"there is a method `into` with a similar name, but with different arguments","code":null,"level":"help","spans":[{"file_name":"/private/tmp/rust-20260212-8212-exsfwu/rustc-1.93.1-src/library/core/src/convert/mod.rs","byte_start":16884,"byte_end":16903,"line_start":455,"line_end":455,"column_start":5,"column_end":24,"is_primary":true,"text":[],"label":null,"suggested_replacement":null,"suggestion_applicability":null,"expansion":null}],"children":[],"rendered":null},{"message":"trait `TraceWriter` which provides `info` is implemented but not in scope; perhaps you want to import it","code":null,"level":"help","spans":[{"file_name":"crates/runner-common/src/terminal.rs","byte_start":105,"byte_end":105,"line_start":4,"line_end":4,"column_start":1,"column_end":1,"is_primary":true,"text":[{"text":"use crate::host_context::HostContext;","highlight_start":1,"highlight_end":1}],"label":null,"suggested_replacement":"use runner_sdk::TraceWriter;\n","suggestion_applicability":"MaybeIncorrect","expansion":null}],"children":[],"rendered":null}],"rendered":"\u001b[1m\u001b[91merror[E0599]\u001b[0m\u001b[1m: no method named `info` found for reference `&Tracing` in the current scope\u001b[0m\n  \u001b[1m\u001b[94m--> \u001b[0mcrates/runner-common/src/terminal.rs:97:19\n   \u001b[1m\u001b[94m|\u001b[0m\n\u001b[1m\u001b[94m97\u001b[0m \u001b[1m\u001b[94m|\u001b[0m             trace.info(&format!(\"Read value: '{}'\", value));\n   \u001b[1m\u001b[94m|\u001b[0m                   \u001b[1m\u001b[91m^^^^\u001b[0m\n   \u001b[1m\u001b[94m|\u001b[0m\n   \u001b[1m\u001b[94m= \u001b[0m\u001b[1mhelp\u001b[0m: items from traits can only be used if the trait is in scope\n\u001b[1m\u001b[96mhelp\u001b[0m: there is a method `into` with a similar name, but with different arguments\n  \u001b[1m\u001b[94m--> \u001b[0m/private/tmp/rust-20260212-8212-exsfwu/rustc-1.93.1-src/library/core/src/convert/mod.rs:455:5\n\u001b[1m\u001b[96mhelp\u001b[0m: trait `TraceWriter` which provides `info` is implemented but not in scope; perhaps you want to import it\n   \u001b[1m\u001b[94m|\u001b[0m\n \u001b[1m\u001b[94m4\u001b[0m \u001b[92m+ use runner_sdk::TraceWriter;\u001b[0m\n   \u001b[1m\u001b[94m|\u001b[0m\n\n"}
{"$message_type":"diagnostic","message":"no method named `info` found for reference `&Tracing` in the current scope","code":{"code":"E0599","explanation":"This error occurs when a method is used on a type which doesn't implement it:\n\nErroneous code example:\n\n```compile_fail,E0599\nstruct Mouth;\n\nlet x = Mouth;\nx.chocolate(); // error: no method named `chocolate` found for type `Mouth`\n               //        in the current scope\n```\n\nIn this case, you need to implement the `chocolate` method to fix the error:\n\n```\nstruct Mouth;\n\nimpl Mouth {\n    fn chocolate(&self) { // We implement the `chocolate` method here.\n        println!(\"Hmmm! I love chocolate!\");\n    }\n}\n\nlet x = Mouth;\nx.chocolate(); // ok!\n```\n"},"level":"error","spans":[{"file_name":"crates/runner-common/src/terminal.rs","byte_start":3185,"byte_end":3189,"line_start":108,"line_end":108,"column_start":19,"column_end":23,"is_primary":true,"text":[{"text":"            trace.info(\"READ SECRET\");","highlight_start":19,"highlight_end":23}],"label":null,"suggested_replacement":null,"suggestion_applicability":null,"expansion":null}],"children":[{"message":"items from traits can only be used if the trait is in scope","code":null,"level":"help","spans":[],"children":[],"rendered":null},{"message":"there is a method `into` with a similar name, but with different arguments","code":null,"level":"help","spans":[{"file_name":"/private/tmp/rust-20260212-8212-exsfwu/rustc-1.93.1-src/library/core/src/convert/mod.rs","byte_start":16884,"byte_end":16903,"line_start":455,"line_end":455,"column_start":5,"column_end":24,"is_primary":true,"text":[],"label":null,"suggested_replacement":null,"suggestion_applicability":null,"expansion":null}],"children":[],"rendered":null},{"message":"trait `TraceWriter` which provides `info` is implemented but not in scope; perhaps you want to import it","code":null,"level":"help","spans":[{"file_name":"crates/runner-common/src/terminal.rs","byte_start":105,"byte_end":105,"line_start":4,"line_end":4,"column_start":1,"column_end":1,"is_primary":true,"text":[{"text":"use crate::host_context::HostContext;","highlight_start":1,"highlight_end":1}],"label":null,"suggested_replacement":"use runner_sdk::TraceWriter;\n","suggestion_applicability":"MaybeIncorrect","expansion":null}],"children":[],"rendered":null}],"rendered":"\u001b[1m\u001b[91merror[E0599]\u001b[0m\u001b[1m: no method named `info` found for reference `&Tracing` in the current scope\u001b[0m\n   \u001b[1m\u001b[94m--> \u001b[0mcrates/runner-common/src/terminal.rs:108:19\n    \u001b[1m\u001b[94m|\u001b[0m\n\u001b[1m\u001b[94m108\u001b[0m \u001b[1m\u001b[94m|\u001b[0m             trace.info(\"READ SECRET\");\n    \u001b[1m\u001b[94m|\u001b[0m                   \u001b[1m\u001b[91m^^^^\u001b[0m\n    \u001b[1m\u001b[94m|\u001b[0m\n    \u001b[1m\u001b[94m= \u001b[0m\u001b[1mhelp\u001b[0m: items from traits can only be used if the trait is in scope\n\u001b[1m\u001b[96mhelp\u001b[0m: there is a method `into` with a similar name, but with different arguments\n   \u001b[1m\u001b[94m--> \u001b[0m/private/tmp/rust-20260212-8212-exsfwu/rustc-1.93.1-src/library/core/src/convert/mod.rs:455:5\n\u001b[1m\u001b[96mhelp\u001b[0m: trait `TraceWriter` which provides `info` is implemented but not in scope; perhaps you want to import it\n    \u001b[1m\u001b[94m|\u001b[0m\n  \u001b[1m\u001b[94m4\u001b[0m \u001b[92m+ use runner_sdk::TraceWriter;\u001b[0m\n    \u001b[1m\u001b[94m|\u001b[0m\n\n"}
{"$message_type":"diagnostic","message":"no method named `info` found for reference `&Tracing` in the current scope","code":{"code":"E0599","explanation":"This error occurs when a method is used on a type which doesn't implement it:\n\nErroneous code example:\n\n```compile_fail,E0599\nstruct Mouth;\n\nlet x = Mouth;\nx.chocolate(); // error: no method named `chocolate` found for type `Mouth`\n               //        in the current scope\n```\n\nIn this case, you need to implement the `chocolate` method to fix the error:\n\n```\nstruct Mouth;\n\nimpl Mouth {\n    fn chocolate(&self) { // We implement the `chocolate` method here.\n        println!(\"Hmmm! I love chocolate!\");\n    }\n}\n\nlet x = Mouth;\nx.chocolate(); // ok!\n```\n"},"level":"error","spans":[{"file_name":"crates/runner-common/src/terminal.rs","byte_start":3535,"byte_end":3539,"line_start":121,"line_end":121,"column_start":19,"column_end":23,"is_primary":true,"text":[{"text":"            trace.info(&format!(\"Read value: '{}'\", value));","highlight_start":19,"highlight_end":23}],"label":null,"suggested_replacement":null,"suggestion_applicability":null,"expansion":null}],"children":[{"message":"items from traits can only be used if the trait is in scope","code":null,"level":"help","spans":[],"children":[],"rendered":null},{"message":"there is a method `into` with a similar name, but with different arguments","code":null,"level":"help","spans":[{"file_name":"/private/tmp/rust-20260212-8212-exsfwu/rustc-1.93.1-src/library/core/src/convert/mod.rs","byte_start":16884,"byte_end":16903,"line_start":455,"line_end":455,"column_start":5,"column_end":24,"is_primary":true,"text":[],"label":null,"suggested_replacement":null,"suggestion_applicability":null,"expansion":null}],"children":[],"rendered":null},{"message":"trait `TraceWriter` which provides `info` is implemented but not in scope; perhaps you want to import it","code":null,"level":"help","spans":[{"file_name":"crates/runner-common/src/terminal.rs","byte_start":105,"byte_end":105,"line_start":4,"line_end":4,"column_start":1,"column_end":1,"is_primary":true,"text":[{"text":"use crate::host_context::HostContext;","highlight_start":1,"highlight_end":1}],"label":null,"suggested_replacement":"use runner_sdk::TraceWriter;\n","suggestion_applicability":"MaybeIncorrect","expansion":null}],"children":[],"rendered":null}],"rendered":"\u001b[1m\u001b[91merror[E0599]\u001b[0m\u001b[1m: no method named `info` found for reference `&Tracing` in the current scope\u001b[0m\n   \u001b[1m\u001b[94m--> \u001b[0mcrates/runner-common/src/terminal.rs:121:19\n    \u001b[1m\u001b[94m|\u001b[0m\n\u001b[1m\u001b[94m121\u001b[0m \u001b[1m\u001b[94m|\u001b[0m             trace.info(&format!(\"Read value: '{}'\", value));\n    \u001b[1m\u001b[94m|\u001b[0m                   \u001b[1m\u001b[91m^^^^\u001b[0m\n    \u001b[1m\u001b[94m|\u001b[0m\n    \u001b[1m\u001b[94m= \u001b[0m\u001b[1mhelp\u001b[0m: items from traits can only be used if the trait is in scope\n\u001b[1m\u001b[96mhelp\u001b[0m: there is a method `into` with a similar name, but with different arguments\n   \u001b[1m\u001b[94m--> \u001b[0m/private/tmp/rust-20260212-8212-exsfwu/rustc-1.93.1-src/library/core/src/convert/mod.rs:455:5\n\u001b[1m\u001b[96mhelp\u001b[0m: trait `TraceWriter` which provides `info` is implemented but not in scope; perhaps you want to import it\n    \u001b[1m\u001b[94m|\u001b[0m\n  \u001b[1m\u001b[94m4\u001b[0m \u001b[92m+ use runner_sdk::TraceWriter;\u001b[0m\n    \u001b[1m\u001b[94m|\u001b[0m\n\n"}
{"$message_type":"diagnostic","message":"no method named `info` found for reference `&Tracing` in the current scope","code":{"code":"E0599","explanation":"This error occurs when a method is used on a type which doesn't implement it:\n\nErroneous code example:\n\n```compile_fail,E0599\nstruct Mouth;\n\nlet x = Mouth;\nx.chocolate(); // error: no method named `chocolate` found for type `Mouth`\n               //        in the current scope\n```\n\nIn this case, you need to implement the `chocolate` method to fix the error:\n\n```\nstruct Mouth;\n\nimpl Mouth {\n    fn chocolate(&self) { // We implement the `chocolate` method here.\n        println!(\"Hmmm! I love chocolate!\");\n    }\n}\n\nlet x = Mouth;\nx.chocolate(); // ok!\n```\n"},"level":"error","spans":[{"file_name":"crates/runner-common/src/terminal.rs","byte_start":3791,"byte_end":3795,"line_start":130,"line_end":130,"column_start":19,"column_end":23,"is_primary":true,"text":[{"text":"            trace.info(&format!(\"WRITE: {}\", message));","highlight_start":19,"highlight_end":23}],"label":null,"suggested_replacement":null,"suggestion_applicability":null,"expansion":null}],"children":[{"message":"items from traits can only be used if the trait is in scope","code":null,"level":"help","spans":[],"children":[],"rendered":null},{"message":"there is a method `into` with a similar name, but with different arguments","code":null,"level":"help","spans":[{"file_name":"/private/tmp/rust-20260212-8212-exsfwu/rustc-1.93.1-src/library/core/src/convert/mod.rs","byte_start":16884,"byte_end":16903,"line_start":455,"line_end":455,"column_start":5,"column_end":24,"is_primary":true,"text":[],"label":null,"suggested_replacement":null,"suggestion_applicability":null,"expansion":null}],"children":[],"rendered":null},{"message":"trait `TraceWriter` which provides `info` is implemented but not in scope; perhaps you want to import it","code":null,"level":"help","spans":[{"file_name":"crates/runner-common/src/terminal.rs","byte_start":105,"byte_end":105,"line_start":4,"line_end":4,"column_start":1,"column_end":1,"is_primary":true,"text":[{"text":"use crate::host_context::HostContext;","highlight_start":1,"highlight_end":1}],"label":null,"suggested_replacement":"use runner_sdk::TraceWriter;\n","suggestion_applicability":"MaybeIncorrect","expansion":null}],"children":[],"rendered":null}],"rendered":"\u001b[1m\u001b[91merror[E0599]\u001b[0m\u001b[1m: no method named `info` found for reference `&Tracing` in the current scope\u001b[0m\n   \u001b[1m\u001b[94m--> \u001b[0mcrates/runner-common/src/terminal.rs:130:19\n    \u001b[1m\u001b[94m|\u001b[0m\n\u001b[1m\u001b[94m130\u001b[0m \u001b[1m\u001b[94m|\u001b[0m             trace.info(&format!(\"WRITE: {}\", message));\n    \u001b[1m\u001b[94m|\u001b[0m                   \u001b[1m\u001b[91m^^^^\u001b[0m\n    \u001b[1m\u001b[94m|\u001b[0m\n    \u001b[1m\u001b[94m= \u001b[0m\u001b[1mhelp\u001b[0m: items from traits can only be used if the trait is in scope\n\u001b[1m\u001b[96mhelp\u001b[0m: there is a method `into` with a similar name, but with different arguments\n   \u001b[1m\u001b[94m--> \u001b[0m/private/tmp/rust-20260212-8212-exsfwu/rustc-1.93.1-src/library/core/src/convert/mod.rs:455:5\n\u001b[1m\u001b[96mhelp\u001b[0m: trait `TraceWriter` which provides `info` is implemented but not in scope; perhaps you want to import it\n    \u001b[1m\u001b[94m|\u001b[0m\n  \u001b[1m\u001b[94m4\u001b[0m \u001b[92m+ use runner_sdk::TraceWriter;\u001b[0m\n    \u001b[1m\u001b[94m|\u001b[0m\n\n"}
{"$message_type":"diagnostic","message":"no method named `info` found for reference `&Tracing` in the current scope","code":{"code":"E0599","explanation":"This error occurs when a method is used on a type which doesn't implement it:\n\nErroneous code example:\n\n```compile_fail,E0599\nstruct Mouth;\n\nlet x = Mouth;\nx.chocolate(); // error: no method named `chocolate` found for type `Mouth`\n               //        in the current scope\n```\n\nIn this case, you need to implement the `chocolate` method to fix the error:\n\n```\nstruct Mouth;\n\nimpl Mouth {\n    fn chocolate(&self) { // We implement the `chocolate` method here.\n        println!(\"Hmmm! I love chocolate!\");\n    }\n}\n\nlet x = Mouth;\nx.chocolate(); // ok!\n```\n"},"level":"error","spans":[{"file_name":"crates/runner-common/src/terminal.rs","byte_start":4293,"byte_end":4297,"line_start":146,"line_end":146,"column_start":19,"column_end":23,"is_primary":true,"text":[{"text":"            trace.info(&format!(\"WRITE LINE: {}\", line));","highlight_start":19,"highlight_end":23}],"label":null,"suggested_replacement":null,"suggestion_applicability":null,"expansion":null}],"children":[{"message":"items from traits can only be used if the trait is in scope","code":null,"level":"help","spans":[],"children":[],"rendered":null},{"message":"there is a method `into` with a similar name, but with different arguments","code":null,"level":"help","spans":[{"file_name":"/private/tmp/rust-20260212-8212-exsfwu/rustc-1.93.1-src/library/core/src/convert/mod.rs","byte_start":16884,"byte_end":16903,"line_start":455,"line_end":455,"column_start":5,"column_end":24,"is_primary":true,"text":[],"label":null,"suggested_replacement":null,"suggestion_applicability":null,"expansion":null}],"children":[],"rendered":null},{"message":"trait `TraceWriter` which provides `info` is implemented but not in scope; perhaps you want to import it","code":null,"level":"help","spans":[{"file_name":"crates/runner-common/src/terminal.rs","byte_start":105,"byte_end":105,"line_start":4,"line_end":4,"column_start":1,"column_end":1,"is_primary":true,"text":[{"text":"use crate::host_context::HostContext;","highlight_start":1,"highlight_end":1}],"label":null,"suggested_replacement":"use runner_sdk::TraceWriter;\n","suggestion_applicability":"MaybeIncorrect","expansion":null}],"children":[],"rendered":null}],"rendered":"\u001b[1m\u001b[91merror[E0599]\u001b[0m\u001b[1m: no method named `info` found for reference `&Tracing` in the current scope\u001b[0m\n   \u001b[1m\u001b[94m--> \u001b[0mcrates/runner-common/src/terminal.rs:146:19\n    \u001b[1m\u001b[94m|\u001b[0m\n\u001b[1m\u001b[94m146\u001b[0m \u001b[1m\u001b[94m|\u001b[0m             trace.info(&format!(\"WRITE LINE: {}\", line));\n    \u001b[1m\u001b[94m|\u001b[0m                   \u001b[1m\u001b[91m^^^^\u001b[0m\n    \u001b[1m\u001b[94m|\u001b[0m\n    \u001b[1m\u001b[94m= \u001b[0m\u001b[1mhelp\u001b[0m: items from traits can only be used if the trait is in scope\n\u001b[1m\u001b[96mhelp\u001b[0m: there is a method `into` with a similar name, but with different arguments\n   \u001b[1m\u001b[94m--> \u001b[0m/private/tmp/rust-20260212-8212-exsfwu/rustc-1.93.1-src/library/core/src/convert/mod.rs:455:5\n\u001b[1m\u001b[96mhelp\u001b[0m: trait `TraceWriter` which provides `info` is implemented but not in scope; perhaps you want to import it\n    \u001b[1m\u001b[94m|\u001b[0m\n  \u001b[1m\u001b[94m4\u001b[0m \u001b[92m+ use runner_sdk::TraceWriter;\u001b[0m\n    \u001b[1m\u001b[94m|\u001b[0m\n\n"}
{"$message_type":"diagnostic","message":"no method named `error` found for reference `&Tracing` in the current scope","code":{"code":"E0599","explanation":"This error occurs when a method is used on a type which doesn't implement it:\n\nErroneous code example:\n\n```compile_fail,E0599\nstruct Mouth;\n\nlet x = Mouth;\nx.chocolate(); // error: no method named `chocolate` found for type `Mouth`\n               //        in the current scope\n```\n\nIn this case, you need to implement the `chocolate` method to fix the error:\n\n```\nstruct Mouth;\n\nimpl Mouth {\n    fn chocolate(&self) { // We implement the `chocolate` method here.\n        println!(\"Hmmm! I love chocolate!\");\n    }\n}\n\nlet x = Mouth;\nx.chocolate(); // ok!\n```\n"},"level":"error","spans":[{"file_name":"crates/runner-common/src/terminal.rs","byte_start":4843,"byte_end":4848,"line_start":166,"line_end":166,"column_start":19,"column_end":24,"is_primary":true,"text":[{"text":"            trace.error(&format!(\"WRITE ERROR: {}\", line));","highlight_start":19,"highlight_end":24}],"label":null,"suggested_replacement":null,"suggestion_applicability":null,"expansion":null}],"children":[{"message":"items from traits can only be used if the trait is in scope","code":null,"level":"help","spans":[],"children":[],"rendered":null},{"message":"trait `TraceWriter` which provides `error` is implemented but not in scope; perhaps you want to import it","code":null,"level":"help","spans":[{"file_name":"crates/runner-common/src/terminal.rs","byte_start":105,"byte_end":105,"line_start":4,"line_end":4,"column_start":1,"column_end":1,"is_primary":true,"text":[{"text":"use crate::host_context::HostContext;","highlight_start":1,"highlight_end":1}],"label":null,"suggested_replacement":"use runner_sdk::TraceWriter;\n","suggestion_applicability":"MaybeIncorrect","expansion":null}],"children":[],"rendered":null},{"message":"there is a method `error_err` with a similar name","code":null,"level":"help","spans":[{"file_name":"crates/runner-common/src/terminal.rs","byte_start":4843,"byte_end":4848,"line_start":166,"line_end":166,"column_start":19,"column_end":24,"is_primary":true,"text":[{"text":"            trace.error(&format!(\"WRITE ERROR: {}\", line));","highlight_start":19,"highlight_end":24}],"label":null,"suggested_replacement":"error_err","suggestion_applicability":"MaybeIncorrect","expansion":null}],"children":[],"rendered":null}],"rendered":"\u001b[1m\u001b[91merror[E0599]\u001b[0m\u001b[1m: no method named `error` found for reference `&Tracing` in the current scope\u001b[0m\n   \u001b[1m\u001b[94m--> \u001b[0mcrates/runner-common/src/terminal.rs:166:19\n    \u001b[1m\u001b[94m|\u001b[0m\n\u001b[1m\u001b[94m166\u001b[0m \u001b[1m\u001b[94m|\u001b[0m             trace.error(&format!(\"WRITE ERROR: {}\", line));\n    \u001b[1m\u001b[94m|\u001b[0m                   \u001b[1m\u001b[91m^^^^^\u001b[0m\n    \u001b[1m\u001b[94m|\u001b[0m\n    \u001b[1m\u001b[94m= \u001b[0m\u001b[1mhelp\u001b[0m: items from traits can only be used if the trait is in scope\n\u001b[1m\u001b[96mhelp\u001b[0m: trait `TraceWriter` which provides `error` is implemented but not in scope; perhaps you want to import it\n    \u001b[1m\u001b[94m|\u001b[0m\n  \u001b[1m\u001b[94m4\u001b[0m \u001b[92m+ use runner_sdk::TraceWriter;\u001b[0m\n    \u001b[1m\u001b[94m|\u001b[0m\n\u001b[1m\u001b[96mhelp\u001b[0m: there is a method `error_err` with a similar name\n    \u001b[1m\u001b[94m|\u001b[0m\n\u001b[1m\u001b[94m166\u001b[0m \u001b[1m\u001b[94m| \u001b[0m            trace.error\u001b[92m_err\u001b[0m(&format!(\"WRITE ERROR: {}\", line));\n    \u001b[1m\u001b[94m|\u001b[0m                        \u001b[92m++++\u001b[0m\n\n"}
{"$message_type":"diagnostic","message":"no method named `error` found for reference `&Tracing` in the current scope","code":{"code":"E0599","explanation":"This error occurs when a method is used on a type which doesn't implement it:\n\nErroneous code example:\n\n```compile_fail,E0599\nstruct Mouth;\n\nlet x = Mouth;\nx.chocolate(); // error: no method named `chocolate` found for type `Mouth`\n               //        in the current scope\n```\n\nIn this case, you need to implement the `chocolate` method to fix the error:\n\n```\nstruct Mouth;\n\nimpl Mouth {\n    fn chocolate(&self) { // We implement the `chocolate` method here.\n        println!(\"Hmmm! I love chocolate!\");\n    }\n}\n\nlet x = Mouth;\nx.chocolate(); // ok!\n```\n"},"level":"error","spans":[{"file_name":"crates/runner-common/src/terminal.rs","byte_start":5279,"byte_end":5284,"line_start":182,"line_end":182,"column_start":19,"column_end":24,"is_primary":true,"text":[{"text":"            trace.error(\"WRITE ERROR (exception):\");","highlight_start":19,"highlight_end":24}],"label":null,"suggested_replacement":null,"suggestion_applicability":null,"expansion":null}],"children":[{"message":"items from traits can only be used if the trait is in scope","code":null,"level":"help","spans":[],"children":[],"rendered":null},{"message":"trait `TraceWriter` which provides `error` is implemented but not in scope; perhaps you want to import it","code":null,"level":"help","spans":[{"file_name":"crates/runner-common/src/terminal.rs","byte_start":105,"byte_end":105,"line_start":4,"line_end":4,"column_start":1,"column_end":1,"is_primary":true,"text":[{"text":"use crate::host_context::HostContext;","highlight_start":1,"highlight_end":1}],"label":null,"suggested_replacement":"use runner_sdk::TraceWriter;\n","suggestion_applicability":"MaybeIncorrect","expansion":null}],"children":[],"rendered":null},{"message":"there is a method `error_err` with a similar name","code":null,"level":"help","spans":[{"file_name":"crates/runner-common/src/terminal.rs","byte_start":5279,"byte_end":5284,"line_start":182,"line_end":182,"column_start":19,"column_end":24,"is_primary":true,"text":[{"text":"            trace.error(\"WRITE ERROR (exception):\");","highlight_start":19,"highlight_end":24}],"label":null,"suggested_replacement":"error_err","suggestion_applicability":"MaybeIncorrect","expansion":null}],"children":[],"rendered":null}],"rendered":"\u001b[1m\u001b[91merror[E0599]\u001b[0m\u001b[1m: no method named `error` found for reference `&Tracing` in the current scope\u001b[0m\n   \u001b[1m\u001b[94m--> \u001b[0mcrates/runner-common/src/terminal.rs:182:19\n    \u001b[1m\u001b[94m|\u001b[0m\n\u001b[1m\u001b[94m182\u001b[0m \u001b[1m\u001b[94m|\u001b[0m             trace.error(\"WRITE ERROR (exception):\");\n    \u001b[1m\u001b[94m|\u001b[0m                   \u001b[1m\u001b[91m^^^^^\u001b[0m\n    \u001b[1m\u001b[94m|\u001b[0m\n    \u001b[1m\u001b[94m= \u001b[0m\u001b[1mhelp\u001b[0m: items from traits can only be used if the trait is in scope\n\u001b[1m\u001b[96mhelp\u001b[0m: trait `TraceWriter` which provides `error` is implemented but not in scope; perhaps you want to import it\n    \u001b[1m\u001b[94m|\u001b[0m\n  \u001b[1m\u001b[94m4\u001b[0m \u001b[92m+ use runner_sdk::TraceWriter;\u001b[0m\n    \u001b[1m\u001b[94m|\u001b[0m\n\u001b[1m\u001b[96mhelp\u001b[0m: there is a method `error_err` with a similar name\n    \u001b[1m\u001b[94m|\u001b[0m\n\u001b[1m\u001b[94m182\u001b[0m \u001b[1m\u001b[94m| \u001b[0m            trace.error\u001b[92m_err\u001b[0m(\"WRITE ERROR (exception):\");\n    \u001b[1m\u001b[94m|\u001b[0m                        \u001b[92m++++\u001b[0m\n\n"}
{"$message_type":"diagnostic","message":"no method named `error` found for reference `&Tracing` in the current scope","code":{"code":"E0599","explanation":"This error occurs when a method is used on a type which doesn't implement it:\n\nErroneous code example:\n\n```compile_fail,E0599\nstruct Mouth;\n\nlet x = Mouth;\nx.chocolate(); // error: no method named `chocolate` found for type `Mouth`\n               //        in the current scope\n```\n\nIn this case, you need to implement the `chocolate` method to fix the error:\n\n```\nstruct Mouth;\n\nimpl Mouth {\n    fn chocolate(&self) { // We implement the `chocolate` method here.\n        println!(\"Hmmm! I love chocolate!\");\n    }\n}\n\nlet x = Mouth;\nx.chocolate(); // ok!\n```\n"},"level":"error","spans":[{"file_name":"crates/runner-common/src/terminal.rs","byte_start":5332,"byte_end":5337,"line_start":183,"line_end":183,"column_start":19,"column_end":24,"is_primary":true,"text":[{"text":"            trace.error(&format!(\"{:#}\", err));","highlight_start":19,"highlight_end":24}],"label":null,"suggested_replacement":null,"suggestion_applicability":null,"expansion":null}],"children":[{"message":"items from traits can only be used if the trait is in scope","code":null,"level":"help","spans":[],"children":[],"rendered":null},{"message":"trait `TraceWriter` which provides `error` is implemented but not in scope; perhaps you want to import it","code":null,"level":"help","spans":[{"file_name":"crates/runner-common/src/terminal.rs","byte_start":105,"byte_end":105,"line_start":4,"line_end":4,"column_start":1,"column_end":1,"is_primary":true,"text":[{"text":"use crate::host_context::HostContext;","highlight_start":1,"highlight_end":1}],"label":null,"suggested_replacement":"use runner_sdk::TraceWriter;\n","suggestion_applicability":"MaybeIncorrect","expansion":null}],"children":[],"rendered":null},{"message":"there is a method `error_err` with a similar name","code":null,"level":"help","spans":[{"file_name":"crates/runner-common/src/terminal.rs","byte_start":5332,"byte_end":5337,"line_start":183,"line_end":183,"column_start":19,"column_end":24,"is_primary":true,"text":[{"text":"            trace.error(&format!(\"{:#}\", err));","highlight_start":19,"highlight_end":24}],"label":null,"suggested_replacement":"error_err","suggestion_applicability":"MaybeIncorrect","expansion":null}],"children":[],"rendered":null}],"rendered":"\u001b[1m\u001b[91merror[E0599]\u001b[0m\u001b[1m: no method named `error` found for reference `&Tracing` in the current scope\u001b[0m\n   \u001b[1m\u001b[94m--> \u001b[0mcrates/runner-common/src/terminal.rs:183:19\n    \u001b[1m\u001b[94m|\u001b[0m\n\u001b[1m\u001b[94m183\u001b[0m \u001b[1m\u001b[94m|\u001b[0m             trace.error(&format!(\"{:#}\", err));\n    \u001b[1m\u001b[94m|\u001b[0m                   \u001b[1m\u001b[91m^^^^^\u001b[0m\n    \u001b[1m\u001b[94m|\u001b[0m\n    \u001b[1m\u001b[94m= \u001b[0m\u001b[1mhelp\u001b[0m: items from traits can only be used if the trait is in scope\n\u001b[1m\u001b[96mhelp\u001b[0m: trait `TraceWriter` which provides `error` is implemented but not in scope; perhaps you want to import it\n    \u001b[1m\u001b[94m|\u001b[0m\n  \u001b[1m\u001b[94m4\u001b[0m \u001b[92m+ use runner_sdk::TraceWriter;\u001b[0m\n    \u001b[1m\u001b[94m|\u001b[0m\n\u001b[1m\u001b[96mhelp\u001b[0m: there is a method `error_err` with a similar name\n    \u001b[1m\u001b[94m|\u001b[0m\n\u001b[1m\u001b[94m183\u001b[0m \u001b[1m\u001b[94m| \u001b[0m            trace.error\u001b[92m_err\u001b[0m(&format!(\"{:#}\", err));\n    \u001b[1m\u001b[94m|\u001b[0m                        \u001b[92m++++\u001b[0m\n\n"}
{"$message_type":"diagnostic","message":"aborting due to 17 previous errors; 2 warnings emitted","code":null,"level":"error","spans":[],"children":[],"rendered":"\u001b[1m\u001b[91merror\u001b[0m\u001b[1m: aborting due to 17 previous errors; 2 warnings emitted\u001b[0m\n\n"}
{"$message_type":"diagnostic","message":"Some errors have detailed explanations: E0119, E0432, E0433, E0599.","code":null,"level":"failure-note","spans":[],"children":[],"rendered":"\u001b[1mSome errors have detailed explanations: E0119, E0432, E0433, E0599.\u001b[0m\n"}
{"$message_type":"diagnostic","message":"For more information about an error, try `rustc --explain E0119`.","code":null,"level":"failure-note","spans":[],"children":[],"rendered":"\u001b[1mFor more information about an error, try `rustc --explain E0119`.\u001b[0m\n"}
